<?xml version="1.0" encoding="UTF-8"?>
<!-- Generated by org.testng.reporters.JUnitXMLReporter -->
<testsuite ignored="0" hostname="MansiDixit" failures="1" tests="1" name="Test" time="0.125" errors="0" timestamp="2022-06-29T14:08:30 AEST">
  <testcase classname="com.au.automation.sorting.SortingTests" name="testSortLowestToHighest" time="0.086">
    <failure type="org.openqa.selenium.InvalidArgumentException" message="invalid argument
  (Session info: chrome=102.0.5005.125)
Build info: version: &amp;apos;4.2.2&amp;apos;, revision: &amp;apos;683ccb65d6&amp;apos;
System info: host: &amp;apos;MANSIDIXIT&amp;apos;, ip: &amp;apos;192.168.59.216&amp;apos;, os.name: &amp;apos;Windows 11&amp;apos;, os.arch: &amp;apos;amd64&amp;apos;, os.version: &amp;apos;10.0&amp;apos;, java.version: &amp;apos;18.0.1.1&amp;apos;
Driver info: io.appium.java_client.android.AndroidDriver
Command: [08369192-7e8c-4a84-8a33-9fb5ffe8b6fa, get {url=&amp;quot;https://automationpractice.com/&amp;quot;}]
Capabilities {appium:appActivity: com.google.android.apps.chr..., appium:appPackage: com.android.chrome, appium:databaseEnabled: false, appium:desired: {browserName: Chrome, deviceName: Galaxy A72, platformName: android, platformVersion: 13, udid: R58R40C381M}, appium:deviceApiLevel: 31, appium:deviceManufacturer: samsung, appium:deviceModel: SM-A725F, appium:deviceName: R58R40C381M, appium:deviceScreenDensity: 450, appium:deviceScreenSize: 1080x2400, appium:deviceUDID: R58R40C381M, appium:javascriptEnabled: true, appium:locationContextEnabled: false, appium:networkConnectionEnabled: true, appium:pixelRatio: 2.8125, appium:platformVersion: 12, appium:statBarHeight: 86, appium:takesScreenshot: true, appium:udid: R58R40C381M, appium:viewportRect: {height: 2093, left: 0, top: 86, width: 1080}, appium:warnings: {}, appium:webStorageEnabled: false, browserName: Chrome, platformName: ANDROID}
Session ID: 08369192-7e8c-4a84-8a33-9fb5ffe8b6fa">
      <![CDATA[org.openqa.selenium.InvalidArgumentException: invalid argument
  (Session info: chrome=102.0.5005.125)
Build info: version: '4.2.2', revision: '683ccb65d6'
System info: host: 'MANSIDIXIT', ip: '192.168.59.216', os.name: 'Windows 11', os.arch: 'amd64', os.version: '10.0', java.version: '18.0.1.1'
Driver info: io.appium.java_client.android.AndroidDriver
Command: [08369192-7e8c-4a84-8a33-9fb5ffe8b6fa, get {url="https://automationpractice.com/"}]
Capabilities {appium:appActivity: com.google.android.apps.chr..., appium:appPackage: com.android.chrome, appium:databaseEnabled: false, appium:desired: {browserName: Chrome, deviceName: Galaxy A72, platformName: android, platformVersion: 13, udid: R58R40C381M}, appium:deviceApiLevel: 31, appium:deviceManufacturer: samsung, appium:deviceModel: SM-A725F, appium:deviceName: R58R40C381M, appium:deviceScreenDensity: 450, appium:deviceScreenSize: 1080x2400, appium:deviceUDID: R58R40C381M, appium:javascriptEnabled: true, appium:locationContextEnabled: false, appium:networkConnectionEnabled: true, appium:pixelRatio: 2.8125, appium:platformVersion: 12, appium:statBarHeight: 86, appium:takesScreenshot: true, appium:udid: R58R40C381M, appium:viewportRect: {height: 2093, left: 0, top: 86, width: 1080}, appium:warnings: {}, appium:webStorageEnabled: false, browserName: Chrome, platformName: ANDROID}
Session ID: 08369192-7e8c-4a84-8a33-9fb5ffe8b6fa
at org.openqa.selenium.remote.codec.w3c.W3CHttpResponseCodec.createException(W3CHttpResponseCodec.java:200)
at org.openqa.selenium.remote.codec.w3c.W3CHttpResponseCodec.decode(W3CHttpResponseCodec.java:133)
at org.openqa.selenium.remote.codec.w3c.W3CHttpResponseCodec.decode(W3CHttpResponseCodec.java:53)
at org.openqa.selenium.remote.HttpCommandExecutor.execute(HttpCommandExecutor.java:184)
at io.appium.java_client.remote.AppiumCommandExecutor.execute(AppiumCommandExecutor.java:180)
at org.openqa.selenium.remote.RemoteWebDriver.execute(RemoteWebDriver.java:588)
at org.openqa.selenium.remote.RemoteWebDriver.get(RemoteWebDriver.java:351)
at com.au.automation.sorting.SortingTests.testSortLowestToHighest(SortingTests.java:17)
at java.base/java.util.ArrayList.forEach(ArrayList.java:1511)
... Removed 28 stack frames]]>
    </failure>
  </testcase> <!-- testSortLowestToHighest -->
</testsuite> <!-- Test -->
